<?xml version="1.0" encoding="UTF-8"?>
<!-- Generated by org.testng.reporters.JUnitXMLReporter -->
<testsuite hostname="himaleshnalam" ignored="0" name="RetryFailedCases" tests="12" failures="3" timestamp="2020-02-14T20:03:21 IST" time="0.243" errors="0">
  <testcase name="Test1" time="0.016" classname="com.TestNGConcepts.TestRetry">
    <skipped/>
  </testcase> <!-- Test1 -->
  <testcase name="Test1" time="0.004" classname="com.TestNGConcepts.TestRetry">
    <skipped/>
  </testcase> <!-- Test1 -->
  <testcase name="Test1" time="0.0" classname="com.TestNGConcepts.TestRetry">
    <skipped/>
  </testcase> <!-- Test1 -->
  <testcase name="Test1" time="0.004" classname="com.TestNGConcepts.TestRetry">
    <failure type="java.lang.AssertionError" message="expected [false] but found [true]">
      <![CDATA[java.lang.AssertionError: expected [false] but found [true]
at com.TestNGConcepts.TestRetry.Test1(TestRetry.java:13)
at java.util.ArrayList.forEach(ArrayList.java:1257)
... Removed 32 stack frames]]>
    </failure>
  </testcase> <!-- Test1 -->
  <testcase name="Test2" time="0.004" classname="com.TestNGConcepts.TestRetry">
    <skipped/>
  </testcase> <!-- Test2 -->
  <testcase name="Test2" time="0.0" classname="com.TestNGConcepts.TestRetry">
    <skipped/>
  </testcase> <!-- Test2 -->
  <testcase name="Test2" time="0.004" classname="com.TestNGConcepts.TestRetry">
    <skipped/>
  </testcase> <!-- Test2 -->
  <testcase name="Test2" time="0.004" classname="com.TestNGConcepts.TestRetry">
    <failure type="java.lang.AssertionError" message="expected [false] but found [true]">
      <![CDATA[java.lang.AssertionError: expected [false] but found [true]
at com.TestNGConcepts.TestRetry.Test2(TestRetry.java:19)
at java.util.ArrayList.forEach(ArrayList.java:1257)
... Removed 32 stack frames]]>
    </failure>
  </testcase> <!-- Test2 -->
  <testcase name="TakeScreenShot" time="0.004" classname="com.SeleniumTraining.ScreenShot">
    <skipped/>
  </testcase> <!-- TakeScreenShot -->
  <testcase name="TakeScreenShot" time="0.004" classname="com.SeleniumTraining.ScreenShot">
    <skipped/>
  </testcase> <!-- TakeScreenShot -->
  <testcase name="TakeScreenShot" time="0.008" classname="com.SeleniumTraining.ScreenShot">
    <skipped/>
  </testcase> <!-- TakeScreenShot -->
  <testcase name="TakeScreenShot" time="0.0" classname="com.SeleniumTraining.ScreenShot">
    <failure type="java.lang.AssertionError" message="expected [true] but found [false]">
      <![CDATA[java.lang.AssertionError: expected [true] but found [false]
at com.SeleniumTraining.ScreenShot.TakeScreenShot(ScreenShot.java:25)
at java.util.ArrayList.forEach(ArrayList.java:1257)
... Removed 32 stack frames]]>
    </failure>
  </testcase> <!-- TakeScreenShot -->
</testsuite> <!-- RetryFailedCases -->
